2020-03-27 12:40:28,678 INFO o.a.j.u.JMeterUtils: Setting Locale to en_EN
2020-03-27 12:40:28,774 INFO o.a.j.JMeter: Loading user properties from: /home/xavier/apache-jmeter-5.2.1/bin/user.properties
2020-03-27 12:40:28,788 INFO o.a.j.JMeter: Loading system properties from: /home/xavier/apache-jmeter-5.2.1/bin/system.properties
2020-03-27 12:40:28,803 INFO o.a.j.JMeter: Copyright (c) 1998-2019 The Apache Software Foundation
2020-03-27 12:40:28,803 INFO o.a.j.JMeter: Version 5.2.1
2020-03-27 12:40:28,803 INFO o.a.j.JMeter: java.version=11.0.6
2020-03-27 12:40:28,803 INFO o.a.j.JMeter: java.vm.name=OpenJDK 64-Bit Server VM
2020-03-27 12:40:28,803 INFO o.a.j.JMeter: os.name=Linux
2020-03-27 12:40:28,803 INFO o.a.j.JMeter: os.arch=amd64
2020-03-27 12:40:28,803 INFO o.a.j.JMeter: os.version=5.3.0-42-generic
2020-03-27 12:40:28,803 INFO o.a.j.JMeter: file.encoding=UTF-8
2020-03-27 12:40:28,803 INFO o.a.j.JMeter: java.awt.headless=null
2020-03-27 12:40:28,803 INFO o.a.j.JMeter: Max memory     =1073741824
2020-03-27 12:40:28,804 INFO o.a.j.JMeter: Available Processors =12
2020-03-27 12:40:28,829 INFO o.a.j.JMeter: Default Locale=English (EN)
2020-03-27 12:40:28,829 INFO o.a.j.JMeter: JMeter  Locale=English (EN)
2020-03-27 12:40:28,829 INFO o.a.j.JMeter: JMeterHome=/home/xavier/apache-jmeter-5.2.1
2020-03-27 12:40:28,829 INFO o.a.j.JMeter: user.dir  =/home/xavier/ES/es20tg_33-project
2020-03-27 12:40:28,829 INFO o.a.j.JMeter: PWD       =/home/xavier/ES/es20tg_33-project
2020-03-27 12:40:28,830 INFO o.a.j.JMeter: IP: 127.0.1.1 Name: ASUS-X571GT FullName: ASUS-X571GT
2020-03-27 12:40:29,745 INFO o.a.j.g.a.LookAndFeelCommand: Installing Darcula LAF
2020-03-27 12:40:29,904 INFO o.a.j.g.a.LookAndFeelCommand: Using look and feel: com.bulenkov.darcula.DarculaLaf [Darcula]
2020-03-27 12:40:29,904 INFO o.a.j.JMeter: Setting LAF to: com.bulenkov.darcula.DarculaLaf
2020-03-27 12:40:30,071 INFO o.a.j.JMeter: Loaded icon properties from org/apache/jmeter/images/icon.properties
2020-03-27 12:40:32,260 INFO o.a.j.p.h.s.HTTPSamplerBase: Parser for text/html is org.apache.jmeter.protocol.http.parser.LagartoBasedHtmlParser
2020-03-27 12:40:32,261 INFO o.a.j.p.h.s.HTTPSamplerBase: Parser for application/xhtml+xml is org.apache.jmeter.protocol.http.parser.LagartoBasedHtmlParser
2020-03-27 12:40:32,261 INFO o.a.j.p.h.s.HTTPSamplerBase: Parser for application/xml is org.apache.jmeter.protocol.http.parser.LagartoBasedHtmlParser
2020-03-27 12:40:32,261 INFO o.a.j.p.h.s.HTTPSamplerBase: Parser for text/xml is org.apache.jmeter.protocol.http.parser.LagartoBasedHtmlParser
2020-03-27 12:40:32,261 INFO o.a.j.p.h.s.HTTPSamplerBase: Parser for text/vnd.wap.wml is org.apache.jmeter.protocol.http.parser.RegexpHTMLParser
2020-03-27 12:40:32,261 INFO o.a.j.p.h.s.HTTPSamplerBase: Parser for text/css is org.apache.jmeter.protocol.http.parser.CssParser
2020-03-27 12:40:32,600 INFO o.a.j.e.KeyToolUtils: keytool found at 'keytool'
2020-03-27 12:40:32,600 INFO o.a.j.p.h.p.ProxyControl: HTTP(S) Test Script Recorder SSL Proxy will use keys that support embedded 3rd party resources in file /home/xavier/apache-jmeter-5.2.1/bin/proxyserver.jks
2020-03-27 12:40:32,697 INFO o.a.j.s.FileServer: Default base='/home/xavier/ES/es20tg_33-project'
2020-03-27 12:40:33,050 INFO o.a.j.s.SampleResult: Note: Sample TimeStamps are START times
2020-03-27 12:40:33,050 INFO o.a.j.s.SampleResult: sampleresult.default.encoding is set to ISO-8859-1
2020-03-27 12:40:33,050 INFO o.a.j.s.SampleResult: sampleresult.useNanoTime=true
2020-03-27 12:40:33,050 INFO o.a.j.s.SampleResult: sampleresult.nanoThreadSleep=5000
2020-03-27 12:40:33,068 INFO o.a.j.v.ViewResultsFullVisualizer: Add JavaFX to your Java installation if you want to use renderer: org.apache.jmeter.visualizers.RenderInBrowser
